<?xml version="1.0" encoding="UTF-8"?>
<testsuite xmlns:xsi="http://www.w3.org/2001/XMLSchema-instance" xsi:noNamespaceSchemaLocation="https://maven.apache.org/surefire/maven-surefire-plugin/xsd/surefire-test-report.xsd" name="com.example.AppTest" time="0.043" tests="1" errors="0" skipped="0" failures="0">
  <properties>
    <property name="java.specification.version" value="19"/>
    <property name="sun.cpu.isalist" value="amd64"/>
    <property name="sun.jnu.encoding" value="MS932"/>
    <property name="java.class.path" value="c:\Users\takur\Documents\GitHub\minhaya\minhaya_server\target\test-classes;c:\Users\takur\Documents\GitHub\minhaya\minhaya_server\target\classes;C:\Users\takur\.m2\repository\junit\junit\4.11\junit-4.11.jar;C:\Users\takur\.m2\repository\org\hamcrest\hamcrest-core\1.3\hamcrest-core-1.3.jar;C:\Users\takur\.m2\repository\javax\websocket\javax.websocket-api\1.1\javax.websocket-api-1.1.jar;C:\Users\takur\.m2\repository\org\glassfish\tyrus\tyrus-server\1.17\tyrus-server-1.17.jar;C:\Users\takur\.m2\repository\org\glassfish\tyrus\tyrus-client\1.17\tyrus-client-1.17.jar;C:\Users\takur\.m2\repository\org\glassfish\tyrus\tyrus-core\1.17\tyrus-core-1.17.jar;C:\Users\takur\.m2\repository\org\glassfish\tyrus\tyrus-spi\1.17\tyrus-spi-1.17.jar;C:\Users\takur\.m2\repository\jakarta\xml\bind\jakarta.xml.bind-api\2.3.2\jakarta.xml.bind-api-2.3.2.jar;C:\Users\takur\.m2\repository\jakarta\activation\jakarta.activation-api\1.2.1\jakarta.activation-api-1.2.1.jar;C:\Users\takur\.m2\repository\org\glassfish\tyrus\tyrus-container-grizzly-client\1.17\tyrus-container-grizzly-client-1.17.jar;C:\Users\takur\.m2\repository\org\glassfish\tyrus\tyrus-container-grizzly-server\1.13\tyrus-container-grizzly-server-1.13.jar;C:\Users\takur\.m2\repository\org\glassfish\grizzly\grizzly-framework\2.3.25\grizzly-framework-2.3.25.jar;C:\Users\takur\.m2\repository\org\glassfish\grizzly\grizzly-http-server\2.3.25\grizzly-http-server-2.3.25.jar;C:\Users\takur\.m2\repository\org\glassfish\grizzly\grizzly-http\2.3.25\grizzly-http-2.3.25.jar;C:\Users\takur\.m2\repository\org\json\json\20190722\json-20190722.jar;"/>
    <property name="java.vm.vendor" value="Oracle Corporation"/>
    <property name="sun.arch.data.model" value="64"/>
    <property name="user.variant" value=""/>
    <property name="java.vendor.url" value="https://java.oracle.com/"/>
    <property name="user.timezone" value="Asia/Tokyo"/>
    <property name="os.name" value="Windows 11"/>
    <property name="java.vm.specification.version" value="19"/>
    <property name="sun.java.launcher" value="SUN_STANDARD"/>
    <property name="user.country" value="JP"/>
    <property name="sun.boot.library.path" value="C:\Program Files\Java\jdk-19\bin"/>
    <property name="sun.java.command" value="C:\Users\takur\AppData\Local\Temp\surefire1076998389916461372\surefirebooter9878686114514820130.jar C:\Users\takur\AppData\Local\Temp\surefire1076998389916461372 2024-04-27T18-28-51_090-jvmRun1 surefire11721325448616136966tmp surefire_017824530827487082383tmp"/>
    <property name="jdk.debug" value="release"/>
    <property name="surefire.test.class.path" value="c:\Users\takur\Documents\GitHub\minhaya\minhaya_server\target\test-classes;c:\Users\takur\Documents\GitHub\minhaya\minhaya_server\target\classes;C:\Users\takur\.m2\repository\junit\junit\4.11\junit-4.11.jar;C:\Users\takur\.m2\repository\org\hamcrest\hamcrest-core\1.3\hamcrest-core-1.3.jar;C:\Users\takur\.m2\repository\javax\websocket\javax.websocket-api\1.1\javax.websocket-api-1.1.jar;C:\Users\takur\.m2\repository\org\glassfish\tyrus\tyrus-server\1.17\tyrus-server-1.17.jar;C:\Users\takur\.m2\repository\org\glassfish\tyrus\tyrus-client\1.17\tyrus-client-1.17.jar;C:\Users\takur\.m2\repository\org\glassfish\tyrus\tyrus-core\1.17\tyrus-core-1.17.jar;C:\Users\takur\.m2\repository\org\glassfish\tyrus\tyrus-spi\1.17\tyrus-spi-1.17.jar;C:\Users\takur\.m2\repository\jakarta\xml\bind\jakarta.xml.bind-api\2.3.2\jakarta.xml.bind-api-2.3.2.jar;C:\Users\takur\.m2\repository\jakarta\activation\jakarta.activation-api\1.2.1\jakarta.activation-api-1.2.1.jar;C:\Users\takur\.m2\repository\org\glassfish\tyrus\tyrus-container-grizzly-client\1.17\tyrus-container-grizzly-client-1.17.jar;C:\Users\takur\.m2\repository\org\glassfish\tyrus\tyrus-container-grizzly-server\1.13\tyrus-container-grizzly-server-1.13.jar;C:\Users\takur\.m2\repository\org\glassfish\grizzly\grizzly-framework\2.3.25\grizzly-framework-2.3.25.jar;C:\Users\takur\.m2\repository\org\glassfish\grizzly\grizzly-http-server\2.3.25\grizzly-http-server-2.3.25.jar;C:\Users\takur\.m2\repository\org\glassfish\grizzly\grizzly-http\2.3.25\grizzly-http-2.3.25.jar;C:\Users\takur\.m2\repository\org\json\json\20190722\json-20190722.jar;"/>
    <property name="sun.cpu.endian" value="little"/>
    <property name="user.home" value="C:\Users\takur"/>
    <property name="user.language" value="ja"/>
    <property name="java.specification.vendor" value="Oracle Corporation"/>
    <property name="java.version.date" value="2022-10-18"/>
    <property name="java.home" value="C:\Program Files\Java\jdk-19"/>
    <property name="file.separator" value="\"/>
    <property name="basedir" value="c:\Users\takur\Documents\GitHub\minhaya\minhaya_server"/>
    <property name="java.vm.compressedOopsMode" value="Zero based"/>
    <property name="line.separator" value="&#10;"/>
    <property name="java.vm.specification.vendor" value="Oracle Corporation"/>
    <property name="java.specification.name" value="Java Platform API Specification"/>
    <property name="surefire.real.class.path" value="C:\Users\takur\AppData\Local\Temp\surefire1076998389916461372\surefirebooter9878686114514820130.jar"/>
    <property name="user.script" value=""/>
    <property name="sun.management.compiler" value="HotSpot 64-Bit Tiered Compilers"/>
    <property name="java.runtime.version" value="19.0.1+10-21"/>
    <property name="user.name" value="takur"/>
    <property name="stdout.encoding" value="MS932"/>
    <property name="path.separator" value=";"/>
    <property name="os.version" value="10.0"/>
    <property name="java.runtime.name" value="Java(TM) SE Runtime Environment"/>
    <property name="file.encoding" value="UTF-8"/>
    <property name="java.vm.name" value="Java HotSpot(TM) 64-Bit Server VM"/>
    <property name="localRepository" value="C:\Users\takur\.m2\repository"/>
    <property name="java.vendor.url.bug" value="https://bugreport.java.com/bugreport/"/>
    <property name="java.io.tmpdir" value="C:\Users\takur\AppData\Local\Temp\"/>
    <property name="java.version" value="19.0.1"/>
    <property name="user.dir" value="c:\Users\takur\Documents\GitHub\minhaya\minhaya_server"/>
    <property name="os.arch" value="amd64"/>
    <property name="java.vm.specification.name" value="Java Virtual Machine Specification"/>
    <property name="sun.os.patch.level" value=""/>
    <property name="native.encoding" value="MS932"/>
    <property name="java.library.path" value="C:\Program Files\Java\jdk-19\bin;C:\WINDOWS\Sun\Java\bin;C:\WINDOWS\system32;C:\WINDOWS;C:\Program Files\Common Files\Oracle\Java\javapath;C:\WINDOWS\system32;C:\WINDOWS;C:\WINDOWS\System32\Wbem;C:\WINDOWS\System32\WindowsPowerShell\v1.0\;C:\WINDOWS\System32\OpenSSH\;C:\gcc1\mingw64\bin;C:\Program Files (x86)\Common Files\Sony Shared\FeliCaLibrary;C:\Program Files\Common Files\Sony Shared\FeliCaLibrary;C:\Program Files\Microsoft SQL Server\150\Tools\Binn\;C:\Program Files\Java\jdk-19\bin;C:\Program Files\apache-maven-3.9.6\bin;C:\Program Files\Git\cmd;C:\Program Files\dotnet\;C:\Program Files (x86)\Windows Kits\10\Windows Performance Toolkit\;C:\Program Files\PowerShell\7\;C:\Users\takur\.cargo\bin;C:\gcc1\mingw64\bin;C:\Users\takur\AppData\Local\Microsoft\WindowsApps;C:\Users\takur\AppData\Local\Programs\Microsoft VS Code\bin;C:\texlive\2023\bin\windows;C:\ProgramData\takur\GitHubDesktop\bin;C:\Users\takur\AppData\Local\GitHubDesktop\bin;C:\Users\takur\.dotnet\tools;."/>
    <property name="java.vm.info" value="mixed mode, sharing"/>
    <property name="stderr.encoding" value="MS932"/>
    <property name="java.vendor" value="Oracle Corporation"/>
    <property name="java.vm.version" value="19.0.1+10-21"/>
    <property name="sun.io.unicode.encoding" value="UnicodeLittle"/>
    <property name="java.class.version" value="63.0"/>
  </properties>
  <testcase name="shouldAnswerWithTrue" classname="com.example.AppTest" time="0.004"/>
</testsuite>